<?xml version="1.0" encoding="UTF-8"?>
<!-- Generated by org.testng.reporters.JUnitReportReporter -->
<testsuite skipped="0" hostname="SUNIL" name="MagentoTest" tests="1" failures="0" timestamp="22 Jan 2019 07:50:04 GMT" time="50.836" errors="0">
  <testcase name="magento" time="50.836" classname="MagentoTest"/>
</testsuite> <!-- MagentoTest -->
